
  .   ____          _            __ _ _
 /\\ / ___'_ __ _ _(_)_ __  __ _ \ \ \ \
( ( )\___ | '_ | '_| | '_ \/ _` | \ \ \ \
 \\/  ___)| |_)| | | | | || (_| |  ) ) ) )
  '  |____| .__|_| |_|_| |_\__, | / / / /
 =========|_|==============|___/=/_/_/_/
[32m :: Spring Boot :: [39m              [2m (v3.2.2)[0;39m

[2m2026-05-08T02:28:40.482+05:30[0;39m [32m INFO[0;39m [35m50233[0;39m [2m---[0;39m [2m[core-service] [           main][0;39m [2m[0;39m[36mc.l.coreservice.CoreServiceApplication  [0;39m [2m:[0;39m Starting CoreServiceApplication v1.0.0 using Java 23.0.2 with PID 50233 (/Users/himanshuray/Desktop/LandGo/core-service/target/core-service-1.0.0.jar started by himanshuray in /Users/himanshuray/Desktop/LandGo/core-service)
[2m2026-05-08T02:28:40.485+05:30[0;39m [32mDEBUG[0;39m [35m50233[0;39m [2m---[0;39m [2m[core-service] [           main][0;39m [2m[0;39m[36mc.l.coreservice.CoreServiceApplication  [0;39m [2m:[0;39m Running with Spring Boot v3.2.2, Spring v6.1.3
[2m2026-05-08T02:28:40.485+05:30[0;39m [32m INFO[0;39m [35m50233[0;39m [2m---[0;39m [2m[core-service] [           main][0;39m [2m[0;39m[36mc.l.coreservice.CoreServiceApplication  [0;39m [2m:[0;39m No active profile set, falling back to 1 default profile: "default"
[2m2026-05-08T02:28:42.339+05:30[0;39m [32m INFO[0;39m [35m50233[0;39m [2m---[0;39m [2m[core-service] [           main][0;39m [2m[0;39m[36m.s.d.r.c.RepositoryConfigurationDelegate[0;39m [2m:[0;39m Bootstrapping Spring Data JPA repositories in DEFAULT mode.
[2m2026-05-08T02:28:42.417+05:30[0;39m [32m INFO[0;39m [35m50233[0;39m [2m---[0;39m [2m[core-service] [           main][0;39m [2m[0;39m[36m.s.d.r.c.RepositoryConfigurationDelegate[0;39m [2m:[0;39m Finished Spring Data repository scanning in 70 ms. Found 9 JPA repository interfaces.
[2m2026-05-08T02:28:43.238+05:30[0;39m [32m INFO[0;39m [35m50233[0;39m [2m---[0;39m [2m[core-service] [           main][0;39m [2m[0;39m[36mo.s.b.w.embedded.tomcat.TomcatWebServer [0;39m [2m:[0;39m Tomcat initialized with port 8083 (http)
[2m2026-05-08T02:28:43.248+05:30[0;39m [32m INFO[0;39m [35m50233[0;39m [2m---[0;39m [2m[core-service] [           main][0;39m [2m[0;39m[36mo.apache.catalina.core.StandardService  [0;39m [2m:[0;39m Starting service [Tomcat]
[2m2026-05-08T02:28:43.249+05:30[0;39m [32m INFO[0;39m [35m50233[0;39m [2m---[0;39m [2m[core-service] [           main][0;39m [2m[0;39m[36mo.apache.catalina.core.StandardEngine   [0;39m [2m:[0;39m Starting Servlet engine: [Apache Tomcat/10.1.18]
[2m2026-05-08T02:28:43.276+05:30[0;39m [32m INFO[0;39m [35m50233[0;39m [2m---[0;39m [2m[core-service] [           main][0;39m [2m[0;39m[36mo.a.c.c.C.[Tomcat].[localhost].[/]      [0;39m [2m:[0;39m Initializing Spring embedded WebApplicationContext
[2m2026-05-08T02:28:43.277+05:30[0;39m [32m INFO[0;39m [35m50233[0;39m [2m---[0;39m [2m[core-service] [           main][0;39m [2m[0;39m[36mw.s.c.ServletWebServerApplicationContext[0;39m [2m:[0;39m Root WebApplicationContext: initialization completed in 2662 ms
[2m2026-05-08T02:28:43.495+05:30[0;39m [32mDEBUG[0;39m [35m50233[0;39m [2m---[0;39m [2m[core-service] [           main][0;39m [2m[0;39m[36mc.l.c.security.JwtAuthenticationFilter  [0;39m [2m:[0;39m Filter 'jwtAuthenticationFilter' configured for use
[2m2026-05-08T02:28:43.586+05:30[0;39m [32m INFO[0;39m [35m50233[0;39m [2m---[0;39m [2m[core-service] [           main][0;39m [2m[0;39m[36mcom.zaxxer.hikari.HikariDataSource      [0;39m [2m:[0;39m HikariPool-1 - Starting...
[2m2026-05-08T02:28:43.752+05:30[0;39m [32m INFO[0;39m [35m50233[0;39m [2m---[0;39m [2m[core-service] [           main][0;39m [2m[0;39m[36mcom.zaxxer.hikari.pool.HikariPool       [0;39m [2m:[0;39m HikariPool-1 - Added connection org.postgresql.jdbc.PgConnection@517a46f3
[2m2026-05-08T02:28:43.753+05:30[0;39m [32m INFO[0;39m [35m50233[0;39m [2m---[0;39m [2m[core-service] [           main][0;39m [2m[0;39m[36mcom.zaxxer.hikari.HikariDataSource      [0;39m [2m:[0;39m HikariPool-1 - Start completed.
[2m2026-05-08T02:28:43.974+05:30[0;39m [32m INFO[0;39m [35m50233[0;39m [2m---[0;39m [2m[core-service] [           main][0;39m [2m[0;39m[36mliquibase.database                      [0;39m [2m:[0;39m Set default schema name to public
[2m2026-05-08T02:28:44.103+05:30[0;39m [32m INFO[0;39m [35m50233[0;39m [2m---[0;39m [2m[core-service] [           main][0;39m [2m[0;39m[36mliquibase.lockservice                   [0;39m [2m:[0;39m Successfully acquired change log lock
[2m2026-05-08T02:28:44.112+05:30[0;39m [32m INFO[0;39m [35m50233[0;39m [2m---[0;39m [2m[core-service] [           main][0;39m [2m[0;39m[36mliquibase.command                       [0;39m [2m:[0;39m Dropping Database Objects in schema: landgo.public
[2m2026-05-08T02:28:44.656+05:30[0;39m [32m INFO[0;39m [35m50233[0;39m [2m---[0;39m [2m[core-service] [           main][0;39m [2m[0;39m[36mliquibase.database                      [0;39m [2m:[0;39m Successfully deleted all supported object types in schema landgo.public.
[2m2026-05-08T02:28:44.669+05:30[0;39m [33m WARN[0;39m [35m50233[0;39m [2m---[0;39m [2m[core-service] [           main][0;39m [2m[0;39m[36mliquibase.lockservice                   [0;39m [2m:[0;39m Failed to release change log lock
All objects dropped from postgres@jdbc:postgresql://localhost:5432/landgo
[2m2026-05-08T02:28:44.670+05:30[0;39m [32m INFO[0;39m [35m50233[0;39m [2m---[0;39m [2m[core-service] [           main][0;39m [2m[0;39m[36mliquibase.command                       [0;39m [2m:[0;39m Command execution complete
[2m2026-05-08T02:28:44.923+05:30[0;39m [32m INFO[0;39m [35m50233[0;39m [2m---[0;39m [2m[core-service] [           main][0;39m [2m[0;39m[36mliquibase.changelog                     [0;39m [2m:[0;39m Creating database history table with name: public.databasechangelog
[2m2026-05-08T02:28:44.944+05:30[0;39m [32m INFO[0;39m [35m50233[0;39m [2m---[0;39m [2m[core-service] [           main][0;39m [2m[0;39m[36mliquibase.changelog                     [0;39m [2m:[0;39m Reading from public.databasechangelog
[2m2026-05-08T02:28:44.972+05:30[0;39m [32m INFO[0;39m [35m50233[0;39m [2m---[0;39m [2m[core-service] [           main][0;39m [2m[0;39m[36mliquibase.lockservice                   [0;39m [2m:[0;39m Successfully acquired change log lock
[2m2026-05-08T02:28:44.973+05:30[0;39m [32m INFO[0;39m [35m50233[0;39m [2m---[0;39m [2m[core-service] [           main][0;39m [2m[0;39m[36mliquibase.command                       [0;39m [2m:[0;39m Using deploymentId: 8187524973
[2m2026-05-08T02:28:44.974+05:30[0;39m [32m INFO[0;39m [35m50233[0;39m [2m---[0;39m [2m[core-service] [           main][0;39m [2m[0;39m[36mliquibase.changelog                     [0;39m [2m:[0;39m Reading from public.databasechangelog
Running Changeset: db/changelog/db.changelog-master.json::0-create-schema::landgo
[2m2026-05-08T02:28:44.998+05:30[0;39m [33m WARN[0;39m [35m50233[0;39m [2m---[0;39m [2m[core-service] [           main][0;39m [2m[0;39m[36mliquibase.executor                      [0;39m [2m:[0;39m schema "core" already exists, skipping
[2m2026-05-08T02:28:44.998+05:30[0;39m [32m INFO[0;39m [35m50233[0;39m [2m---[0;39m [2m[core-service] [           main][0;39m [2m[0;39m[36mliquibase.changelog                     [0;39m [2m:[0;39m Custom SQL executed
[2m2026-05-08T02:28:44.998+05:30[0;39m [32m INFO[0;39m [35m50233[0;39m [2m---[0;39m [2m[core-service] [           main][0;39m [2m[0;39m[36mliquibase.changelog                     [0;39m [2m:[0;39m ChangeSet db/changelog/db.changelog-master.json::0-create-schema::landgo ran successfully in 8ms
Running Changeset: db/changelog/db.changelog-master.json::1-core-service-schema::landgo
[2m2026-05-08T02:28:45.008+05:30[0;39m [33m WARN[0;39m [35m50233[0;39m [2m---[0;39m [2m[core-service] [           main][0;39m [2m[0;39m[36mliquibase.executor                      [0;39m [2m:[0;39m relation "users" already exists, skipping
[2m2026-05-08T02:28:45.008+05:30[0;39m [32m INFO[0;39m [35m50233[0;39m [2m---[0;39m [2m[core-service] [           main][0;39m [2m[0;39m[36mliquibase.changelog                     [0;39m [2m:[0;39m Custom SQL executed
[2m2026-05-08T02:28:45.014+05:30[0;39m [33m WARN[0;39m [35m50233[0;39m [2m---[0;39m [2m[core-service] [           main][0;39m [2m[0;39m[36mliquibase.executor                      [0;39m [2m:[0;39m relation "vendor_profiles" already exists, skipping
[2m2026-05-08T02:28:45.015+05:30[0;39m [33m WARN[0;39m [35m50233[0;39m [2m---[0;39m [2m[core-service] [           main][0;39m [2m[0;39m[36mliquibase.executor                      [0;39m [2m:[0;39m relation "idx_vendor_user" already exists, skipping
[2m2026-05-08T02:28:45.015+05:30[0;39m [32m INFO[0;39m [35m50233[0;39m [2m---[0;39m [2m[core-service] [           main][0;39m [2m[0;39m[36mliquibase.changelog                     [0;39m [2m:[0;39m Custom SQL executed
[2m2026-05-08T02:28:45.024+05:30[0;39m [33m WARN[0;39m [35m50233[0;39m [2m---[0;39m [2m[core-service] [           main][0;39m [2m[0;39m[36mliquibase.executor                      [0;39m [2m:[0;39m relation "lands" already exists, skipping
[2m2026-05-08T02:28:45.024+05:30[0;39m [33m WARN[0;39m [35m50233[0;39m [2m---[0;39m [2m[core-service] [           main][0;39m [2m[0;39m[36mliquibase.executor                      [0;39m [2m:[0;39m relation "idx_land_vendor" already exists, skipping
[2m2026-05-08T02:28:45.025+05:30[0;39m [33m WARN[0;39m [35m50233[0;39m [2m---[0;39m [2m[core-service] [           main][0;39m [2m[0;39m[36mliquibase.executor                      [0;39m [2m:[0;39m relation "idx_land_status" already exists, skipping
[2m2026-05-08T02:28:45.025+05:30[0;39m [33m WARN[0;39m [35m50233[0;39m [2m---[0;39m [2m[core-service] [           main][0;39m [2m[0;39m[36mliquibase.executor                      [0;39m [2m:[0;39m relation "idx_land_city" already exists, skipping
[2m2026-05-08T02:28:45.026+05:30[0;39m [32m INFO[0;39m [35m50233[0;39m [2m---[0;39m [2m[core-service] [           main][0;39m [2m[0;39m[36mliquibase.changelog                     [0;39m [2m:[0;39m Custom SQL executed
[2m2026-05-08T02:28:45.028+05:30[0;39m [33m WARN[0;39m [35m50233[0;39m [2m---[0;39m [2m[core-service] [           main][0;39m [2m[0;39m[36mliquibase.executor                      [0;39m [2m:[0;39m relation "listing_drafts" already exists, skipping
[2m2026-05-08T02:28:45.028+05:30[0;39m [32m INFO[0;39m [35m50233[0;39m [2m---[0;39m [2m[core-service] [           main][0;39m [2m[0;39m[36mliquibase.changelog                     [0;39m [2m:[0;39m Custom SQL executed
[2m2026-05-08T02:28:45.031+05:30[0;39m [33m WARN[0;39m [35m50233[0;39m [2m---[0;39m [2m[core-service] [           main][0;39m [2m[0;39m[36mliquibase.executor                      [0;39m [2m:[0;39m relation "reviews" already exists, skipping
[2m2026-05-08T02:28:45.032+05:30[0;39m [33m WARN[0;39m [35m50233[0;39m [2m---[0;39m [2m[core-service] [           main][0;39m [2m[0;39m[36mliquibase.executor                      [0;39m [2m:[0;39m relation "idx_reviews_professional_id" already exists, skipping
[2m2026-05-08T02:28:45.032+05:30[0;39m [32m INFO[0;39m [35m50233[0;39m [2m---[0;39m [2m[core-service] [           main][0;39m [2m[0;39m[36mliquibase.changelog                     [0;39m [2m:[0;39m Custom SQL executed
[2m2026-05-08T02:28:45.035+05:30[0;39m [33m WARN[0;39m [35m50233[0;39m [2m---[0;39m [2m[core-service] [           main][0;39m [2m[0;39m[36mliquibase.executor                      [0;39m [2m:[0;39m relation "saved_searches" already exists, skipping
[2m2026-05-08T02:28:45.035+05:30[0;39m [32m INFO[0;39m [35m50233[0;39m [2m---[0;39m [2m[core-service] [           main][0;39m [2m[0;39m[36mliquibase.changelog                     [0;39m [2m:[0;39m Custom SQL executed
[2m2026-05-08T02:28:45.036+05:30[0;39m [32m INFO[0;39m [35m50233[0;39m [2m---[0;39m [2m[core-service] [           main][0;39m [2m[0;39m[36mliquibase.changelog                     [0;39m [2m:[0;39m ChangeSet db/changelog/db.changelog-master.json::1-core-service-schema::landgo ran successfully in 32ms
Running Changeset: db/changelog/db.changelog-master.json::2-add-favorites-and-inquiries::landgo
[2m2026-05-08T02:28:45.042+05:30[0;39m [33m WARN[0;39m [35m50233[0;39m [2m---[0;39m [2m[core-service] [           main][0;39m [2m[0;39m[36mliquibase.executor                      [0;39m [2m:[0;39m relation "favorite_listings" already exists, skipping
[2m2026-05-08T02:28:45.043+05:30[0;39m [33m WARN[0;39m [35m50233[0;39m [2m---[0;39m [2m[core-service] [           main][0;39m [2m[0;39m[36mliquibase.executor                      [0;39m [2m:[0;39m relation "idx_fav_user" already exists, skipping
[2m2026-05-08T02:28:45.043+05:30[0;39m [32m INFO[0;39m [35m50233[0;39m [2m---[0;39m [2m[core-service] [           main][0;39m [2m[0;39m[36mliquibase.changelog                     [0;39m [2m:[0;39m Custom SQL executed
[2m2026-05-08T02:28:45.046+05:30[0;39m [33m WARN[0;39m [35m50233[0;39m [2m---[0;39m [2m[core-service] [           main][0;39m [2m[0;39m[36mliquibase.executor                      [0;39m [2m:[0;39m relation "inquiries" already exists, skipping
[2m2026-05-08T02:28:45.046+05:30[0;39m [33m WARN[0;39m [35m50233[0;39m [2m---[0;39m [2m[core-service] [           main][0;39m [2m[0;39m[36mliquibase.executor                      [0;39m [2m:[0;39m relation "idx_inq_listing" already exists, skipping
[2m2026-05-08T02:28:45.047+05:30[0;39m [33m WARN[0;39m [35m50233[0;39m [2m---[0;39m [2m[core-service] [           main][0;39m [2m[0;39m[36mliquibase.executor                      [0;39m [2m:[0;39m relation "idx_inq_prof" already exists, skipping
[2m2026-05-08T02:28:45.047+05:30[0;39m [32m INFO[0;39m [35m50233[0;39m [2m---[0;39m [2m[core-service] [           main][0;39m [2m[0;39m[36mliquibase.changelog                     [0;39m [2m:[0;39m Custom SQL executed
[2m2026-05-08T02:28:45.049+05:30[0;39m [33m WARN[0;39m [35m50233[0;39m [2m---[0;39m [2m[core-service] [           main][0;39m [2m[0;39m[36mliquibase.executor                      [0;39m [2m:[0;39m column "is_featured" of relation "lands" already exists, skipping
[2m2026-05-08T02:28:45.049+05:30[0;39m [33m WARN[0;39m [35m50233[0;39m [2m---[0;39m [2m[core-service] [           main][0;39m [2m[0;39m[36mliquibase.executor                      [0;39m [2m:[0;39m column "is_developer_deal" of relation "lands" already exists, skipping
[2m2026-05-08T02:28:45.049+05:30[0;39m [32m INFO[0;39m [35m50233[0;39m [2m---[0;39m [2m[core-service] [           main][0;39m [2m[0;39m[36mliquibase.changelog                     [0;39m [2m:[0;39m Custom SQL executed
[2m2026-05-08T02:28:45.049+05:30[0;39m [32m INFO[0;39m [35m50233[0;39m [2m---[0;39m [2m[core-service] [           main][0;39m [2m[0;39m[36mliquibase.changelog                     [0;39m [2m:[0;39m ChangeSet db/changelog/db.changelog-master.json::2-add-favorites-and-inquiries::landgo ran successfully in 10ms
Running Changeset: db/changelog/db.changelog-master.json::3-add-expertise-options::landgo
[2m2026-05-08T02:28:45.055+05:30[0;39m [33m WARN[0;39m [35m50233[0;39m [2m---[0;39m [2m[core-service] [           main][0;39m [2m[0;39m[36mliquibase.executor                      [0;39m [2m:[0;39m relation "expertise_options" already exists, skipping
[2m2026-05-08T02:28:45.056+05:30[0;39m [33m WARN[0;39m [35m50233[0;39m [2m---[0;39m [2m[core-service] [           main][0;39m [2m[0;39m[36mliquibase.executor                      [0;39m [2m:[0;39m column "deleted" of relation "expertise_options" already exists, skipping
[2m2026-05-08T02:28:45.056+05:30[0;39m [33m WARN[0;39m [35m50233[0;39m [2m---[0;39m [2m[core-service] [           main][0;39m [2m[0;39m[36mliquibase.executor                      [0;39m [2m:[0;39m column "created_at" of relation "expertise_options" already exists, skipping
[2m2026-05-08T02:28:45.056+05:30[0;39m [33m WARN[0;39m [35m50233[0;39m [2m---[0;39m [2m[core-service] [           main][0;39m [2m[0;39m[36mliquibase.executor                      [0;39m [2m:[0;39m column "updated_at" of relation "expertise_options" already exists, skipping
[2m2026-05-08T02:28:45.057+05:30[0;39m [32m INFO[0;39m [35m50233[0;39m [2m---[0;39m [2m[core-service] [           main][0;39m [2m[0;39m[36mliquibase.changelog                     [0;39m [2m:[0;39m Custom SQL executed
[2m2026-05-08T02:28:45.059+05:30[0;39m [32m INFO[0;39m [35m50233[0;39m [2m---[0;39m [2m[core-service] [           main][0;39m [2m[0;39m[36mliquibase.changelog                     [0;39m [2m:[0;39m Custom SQL executed
[2m2026-05-08T02:28:45.060+05:30[0;39m [32m INFO[0;39m [35m50233[0;39m [2m---[0;39m [2m[core-service] [           main][0;39m [2m[0;39m[36mliquibase.changelog                     [0;39m [2m:[0;39m ChangeSet db/changelog/db.changelog-master.json::3-add-expertise-options::landgo ran successfully in 8ms
Running Changeset: db/changelog/db.changelog-master.json::4-add-inquiry-status-and-verification-status::landgo
[2m2026-05-08T02:28:45.064+05:30[0;39m [33m WARN[0;39m [35m50233[0;39m [2m---[0;39m [2m[core-service] [           main][0;39m [2m[0;39m[36mliquibase.executor                      [0;39m [2m:[0;39m column "status" of relation "inquiries" already exists, skipping
[2m2026-05-08T02:28:45.065+05:30[0;39m [33m WARN[0;39m [35m50233[0;39m [2m---[0;39m [2m[core-service] [           main][0;39m [2m[0;39m[36mliquibase.executor                      [0;39m [2m:[0;39m column "verification_status" of relation "vendor_profiles" already exists, skipping
[2m2026-05-08T02:28:45.069+05:30[0;39m [32m INFO[0;39m [35m50233[0;39m [2m---[0;39m [2m[core-service] [           main][0;39m [2m[0;39m[36mliquibase.changelog                     [0;39m [2m:[0;39m Custom SQL executed
[2m2026-05-08T02:28:45.069+05:30[0;39m [32m INFO[0;39m [35m50233[0;39m [2m---[0;39m [2m[core-service] [           main][0;39m [2m[0;39m[36mliquibase.changelog                     [0;39m [2m:[0;39m ChangeSet db/changelog/db.changelog-master.json::4-add-inquiry-status-and-verification-status::landgo ran successfully in 7ms
Running Changeset: db/changelog/db.changelog-master.json::5-align-with-latest-entities::landgo
[2m2026-05-08T02:28:45.074+05:30[0;39m [33m WARN[0;39m [35m50233[0;39m [2m---[0;39m [2m[core-service] [           main][0;39m [2m[0;39m[36mliquibase.executor                      [0;39m [2m:[0;39m column "license_number" of relation "vendor_profiles" already exists, skipping
[2m2026-05-08T02:28:45.074+05:30[0;39m [33m WARN[0;39m [35m50233[0;39m [2m---[0;39m [2m[core-service] [           main][0;39m [2m[0;39m[36mliquibase.executor                      [0;39m [2m:[0;39m column "years_of_experience" of relation "vendor_profiles" already exists, skipping
[2m2026-05-08T02:28:45.074+05:30[0;39m [33m WARN[0;39m [35m50233[0;39m [2m---[0;39m [2m[core-service] [           main][0;39m [2m[0;39m[36mliquibase.executor                      [0;39m [2m:[0;39m column "phone_number" of relation "vendor_profiles" already exists, skipping
[2m2026-05-08T02:28:45.074+05:30[0;39m [33m WARN[0;39m [35m50233[0;39m [2m---[0;39m [2m[core-service] [           main][0;39m [2m[0;39m[36mliquibase.executor                      [0;39m [2m:[0;39m column "bio" of relation "vendor_profiles" already exists, skipping
[2m2026-05-08T02:28:45.074+05:30[0;39m [33m WARN[0;39m [35m50233[0;39m [2m---[0;39m [2m[core-service] [           main][0;39m [2m[0;39m[36mliquibase.executor                      [0;39m [2m:[0;39m column "verification_notes" of relation "vendor_profiles" already exists, skipping
[2m2026-05-08T02:28:45.074+05:30[0;39m [33m WARN[0;39m [35m50233[0;39m [2m---[0;39m [2m[core-service] [           main][0;39m [2m[0;39m[36mliquibase.executor                      [0;39m [2m:[0;39m column "verified_purchase" of relation "reviews" already exists, skipping
[2m2026-05-08T02:28:45.075+05:30[0;39m [32m INFO[0;39m [35m50233[0;39m [2m---[0;39m [2m[core-service] [           main][0;39m [2m[0;39m[36mliquibase.changelog                     [0;39m [2m:[0;39m Custom SQL executed
[2m2026-05-08T02:28:45.077+05:30[0;39m [33m WARN[0;39m [35m50233[0;39m [2m---[0;39m [2m[core-service] [           main][0;39m [2m[0;39m[36mliquibase.executor                      [0;39m [2m:[0;39m relation "vendor_specializations" already exists, skipping
[2m2026-05-08T02:28:45.078+05:30[0;39m [33m WARN[0;39m [35m50233[0;39m [2m---[0;39m [2m[core-service] [           main][0;39m [2m[0;39m[36mliquibase.executor                      [0;39m [2m:[0;39m relation "vendor_service_areas" already exists, skipping
[2m2026-05-08T02:28:45.078+05:30[0;39m [33m WARN[0;39m [35m50233[0;39m [2m---[0;39m [2m[core-service] [           main][0;39m [2m[0;39m[36mliquibase.executor                      [0;39m [2m:[0;39m relation "vendor_certifications" already exists, skipping
[2m2026-05-08T02:28:45.079+05:30[0;39m [33m WARN[0;39m [35m50233[0;39m [2m---[0;39m [2m[core-service] [           main][0;39m [2m[0;39m[36mliquibase.executor                      [0;39m [2m:[0;39m relation "review_tags" already exists, skipping
[2m2026-05-08T02:28:45.079+05:30[0;39m [33m WARN[0;39m [35m50233[0;39m [2m---[0;39m [2m[core-service] [           main][0;39m [2m[0;39m[36mliquibase.executor                      [0;39m [2m:[0;39m relation "review_photos" already exists, skipping
[2m2026-05-08T02:28:45.079+05:30[0;39m [32m INFO[0;39m [35m50233[0;39m [2m---[0;39m [2m[core-service] [           main][0;39m [2m[0;39m[36mliquibase.changelog                     [0;39m [2m:[0;39m Custom SQL executed
[2m2026-05-08T02:28:45.080+05:30[0;39m [32m INFO[0;39m [35m50233[0;39m [2m---[0;39m [2m[core-service] [           main][0;39m [2m[0;39m[36mliquibase.changelog                     [0;39m [2m:[0;39m ChangeSet db/changelog/db.changelog-master.json::5-align-with-latest-entities::landgo ran successfully in 8ms
Running Changeset: db/changelog/db.changelog-master.json::6-add-featured-and-hot-deal-to-lands::landgo
[2m2026-05-08T02:28:45.083+05:30[0;39m [33m WARN[0;39m [35m50233[0;39m [2m---[0;39m [2m[core-service] [           main][0;39m [2m[0;39m[36mliquibase.executor                      [0;39m [2m:[0;39m column "is_featured" of relation "lands" already exists, skipping
[2m2026-05-08T02:28:45.083+05:30[0;39m [33m WARN[0;39m [35m50233[0;39m [2m---[0;39m [2m[core-service] [           main][0;39m [2m[0;39m[36mliquibase.executor                      [0;39m [2m:[0;39m column "is_hot_deal" of relation "lands" already exists, skipping
[2m2026-05-08T02:28:45.083+05:30[0;39m [32m INFO[0;39m [35m50233[0;39m [2m---[0;39m [2m[core-service] [           main][0;39m [2m[0;39m[36mliquibase.changelog                     [0;39m [2m:[0;39m Custom SQL executed
[2m2026-05-08T02:28:45.084+05:30[0;39m [32m INFO[0;39m [35m50233[0;39m [2m---[0;39m [2m[core-service] [           main][0;39m [2m[0;39m[36mliquibase.changelog                     [0;39m [2m:[0;39m ChangeSet db/changelog/db.changelog-master.json::6-add-featured-and-hot-deal-to-lands::landgo ran successfully in 3ms
Running Changeset: db/changelog/db.changelog-master.json::7-create-professional-enquiries::landgo
[2m2026-05-08T02:28:45.089+05:30[0;39m [33m WARN[0;39m [35m50233[0;39m [2m---[0;39m [2m[core-service] [           main][0;39m [2m[0;39m[36mliquibase.executor                      [0;39m [2m:[0;39m relation "professional_enquiries" already exists, skipping
[2m2026-05-08T02:28:45.089+05:30[0;39m [33m WARN[0;39m [35m50233[0;39m [2m---[0;39m [2m[core-service] [           main][0;39m [2m[0;39m[36mliquibase.executor                      [0;39m [2m:[0;39m column "deleted" of relation "professional_enquiries" already exists, skipping
[2m2026-05-08T02:28:45.089+05:30[0;39m [33m WARN[0;39m [35m50233[0;39m [2m---[0;39m [2m[core-service] [           main][0;39m [2m[0;39m[36mliquibase.executor                      [0;39m [2m:[0;39m column "created_at" of relation "professional_enquiries" already exists, skipping
[2m2026-05-08T02:28:45.089+05:30[0;39m [33m WARN[0;39m [35m50233[0;39m [2m---[0;39m [2m[core-service] [           main][0;39m [2m[0;39m[36mliquibase.executor                      [0;39m [2m:[0;39m column "updated_at" of relation "professional_enquiries" already exists, skipping
[2m2026-05-08T02:28:45.091+05:30[0;39m [32m INFO[0;39m [35m50233[0;39m [2m---[0;39m [2m[core-service] [           main][0;39m [2m[0;39m[36mliquibase.changelog                     [0;39m [2m:[0;39m Custom SQL executed
[2m2026-05-08T02:28:45.092+05:30[0;39m [32m INFO[0;39m [35m50233[0;39m [2m---[0;39m [2m[core-service] [           main][0;39m [2m[0;39m[36mliquibase.changelog                     [0;39m [2m:[0;39m ChangeSet db/changelog/db.changelog-master.json::7-create-professional-enquiries::landgo ran successfully in 6ms
Running Changeset: db/changelog/db.changelog-master.json::8-create-locations-table::landgo
[2m2026-05-08T02:28:45.095+05:30[0;39m [33m WARN[0;39m [35m50233[0;39m [2m---[0;39m [2m[core-service] [           main][0;39m [2m[0;39m[36mliquibase.executor                      [0;39m [2m:[0;39m relation "locations" already exists, skipping
[2m2026-05-08T02:28:45.095+05:30[0;39m [32m INFO[0;39m [35m50233[0;39m [2m---[0;39m [2m[core-service] [           main][0;39m [2m[0;39m[36mliquibase.changelog                     [0;39m [2m:[0;39m Custom SQL executed
[2m2026-05-08T02:28:45.097+05:30[0;39m [33m WARN[0;39m [35m50233[0;39m [2m---[0;39m [2m[core-service] [           main][0;39m [2m[0;39m[36mliquibase.executor                      [0;39m [2m:[0;39m column "deleted" of relation "locations" already exists, skipping
[2m2026-05-08T02:28:45.097+05:30[0;39m [33m WARN[0;39m [35m50233[0;39m [2m---[0;39m [2m[core-service] [           main][0;39m [2m[0;39m[36mliquibase.executor                      [0;39m [2m:[0;39m column "created_at" of relation "locations" already exists, skipping
[2m2026-05-08T02:28:45.097+05:30[0;39m [33m WARN[0;39m [35m50233[0;39m [2m---[0;39m [2m[core-service] [           main][0;39m [2m[0;39m[36mliquibase.executor                      [0;39m [2m:[0;39m column "updated_at" of relation "locations" already exists, skipping
[2m2026-05-08T02:28:45.098+05:30[0;39m [32m INFO[0;39m [35m50233[0;39m [2m---[0;39m [2m[core-service] [           main][0;39m [2m[0;39m[36mliquibase.changelog                     [0;39m [2m:[0;39m Custom SQL executed
[2m2026-05-08T02:28:45.100+05:30[0;39m [32m INFO[0;39m [35m50233[0;39m [2m---[0;39m [2m[core-service] [           main][0;39m [2m[0;39m[36mliquibase.changelog                     [0;39m [2m:[0;39m Custom SQL executed
[2m2026-05-08T02:28:45.101+05:30[0;39m [32m INFO[0;39m [35m50233[0;39m [2m---[0;39m [2m[core-service] [           main][0;39m [2m[0;39m[36mliquibase.changelog                     [0;39m [2m:[0;39m ChangeSet db/changelog/db.changelog-master.json::8-create-locations-table::landgo ran successfully in 8ms
Running Changeset: db/changelog/db.changelog-master.json::9-align-locations-with-base-entity::landgo
[2m2026-05-08T02:28:45.105+05:30[0;39m [33m WARN[0;39m [35m50233[0;39m [2m---[0;39m [2m[core-service] [           main][0;39m [2m[0;39m[36mliquibase.executor                      [0;39m [2m:[0;39m column "deleted" of relation "locations" already exists, skipping
[2m2026-05-08T02:28:45.105+05:30[0;39m [33m WARN[0;39m [35m50233[0;39m [2m---[0;39m [2m[core-service] [           main][0;39m [2m[0;39m[36mliquibase.executor                      [0;39m [2m:[0;39m column "created_at" of relation "locations" already exists, skipping
[2m2026-05-08T02:28:45.105+05:30[0;39m [33m WARN[0;39m [35m50233[0;39m [2m---[0;39m [2m[core-service] [           main][0;39m [2m[0;39m[36mliquibase.executor                      [0;39m [2m:[0;39m column "updated_at" of relation "locations" already exists, skipping
[2m2026-05-08T02:28:45.106+05:30[0;39m [32m INFO[0;39m [35m50233[0;39m [2m---[0;39m [2m[core-service] [           main][0;39m [2m[0;39m[36mliquibase.changelog                     [0;39m [2m:[0;39m Custom SQL executed
[2m2026-05-08T02:28:45.106+05:30[0;39m [32m INFO[0;39m [35m50233[0;39m [2m---[0;39m [2m[core-service] [           main][0;39m [2m[0;39m[36mliquibase.changelog                     [0;39m [2m:[0;39m ChangeSet db/changelog/db.changelog-master.json::9-align-locations-with-base-entity::landgo ran successfully in 3ms
Running Changeset: db/changelog/db.changelog-master.json::10-drop-user-fk-from-favorites::landgo
[2m2026-05-08T02:28:45.109+05:30[0;39m [33m WARN[0;39m [35m50233[0;39m [2m---[0;39m [2m[core-service] [           main][0;39m [2m[0;39m[36mliquibase.executor                      [0;39m [2m:[0;39m constraint "favorite_listings_user_id_fkey" of relation "favorite_listings" does not exist, skipping
[2m2026-05-08T02:28:45.110+05:30[0;39m [32m INFO[0;39m [35m50233[0;39m [2m---[0;39m [2m[core-service] [           main][0;39m [2m[0;39m[36mliquibase.changelog                     [0;39m [2m:[0;39m Custom SQL executed
[2m2026-05-08T02:28:45.110+05:30[0;39m [32m INFO[0;39m [35m50233[0;39m [2m---[0;39m [2m[core-service] [           main][0;39m [2m[0;39m[36mliquibase.changelog                     [0;39m [2m:[0;39m ChangeSet db/changelog/db.changelog-master.json::10-drop-user-fk-from-favorites::landgo ran successfully in 2ms
Running Changeset: db/changelog/db.changelog-master.json::11-drop-user-fk-from-saved-searches::landgo
[2m2026-05-08T02:28:45.113+05:30[0;39m [33m WARN[0;39m [35m50233[0;39m [2m---[0;39m [2m[core-service] [           main][0;39m [2m[0;39m[36mliquibase.executor                      [0;39m [2m:[0;39m constraint "saved_searches_user_id_fkey" of relation "saved_searches" does not exist, skipping
[2m2026-05-08T02:28:45.113+05:30[0;39m [32m INFO[0;39m [35m50233[0;39m [2m---[0;39m [2m[core-service] [           main][0;39m [2m[0;39m[36mliquibase.changelog                     [0;39m [2m:[0;39m Custom SQL executed
[2m2026-05-08T02:28:45.113+05:30[0;39m [32m INFO[0;39m [35m50233[0;39m [2m---[0;39m [2m[core-service] [           main][0;39m [2m[0;39m[36mliquibase.changelog                     [0;39m [2m:[0;39m ChangeSet db/changelog/db.changelog-master.json::11-drop-user-fk-from-saved-searches::landgo ran successfully in 2ms
Running Changeset: db/changelog/db.changelog-master.json::12-drop-user-fk-from-listing-drafts::landgo
[2m2026-05-08T02:28:45.116+05:30[0;39m [33m WARN[0;39m [35m50233[0;39m [2m---[0;39m [2m[core-service] [           main][0;39m [2m[0;39m[36mliquibase.executor                      [0;39m [2m:[0;39m constraint "listing_drafts_owner_id_fkey" of relation "listing_drafts" does not exist, skipping
[2m2026-05-08T02:28:45.116+05:30[0;39m [32m INFO[0;39m [35m50233[0;39m [2m---[0;39m [2m[core-service] [           main][0;39m [2m[0;39m[36mliquibase.changelog                     [0;39m [2m:[0;39m Custom SQL executed
[2m2026-05-08T02:28:45.117+05:30[0;39m [32m INFO[0;39m [35m50233[0;39m [2m---[0;39m [2m[core-service] [           main][0;39m [2m[0;39m[36mliquibase.changelog                     [0;39m [2m:[0;39m ChangeSet db/changelog/db.changelog-master.json::12-drop-user-fk-from-listing-drafts::landgo ran successfully in 2ms
[2m2026-05-08T02:28:45.120+05:30[0;39m [32m INFO[0;39m [35m50233[0;39m [2m---[0;39m [2m[core-service] [           main][0;39m [2m[0;39m[36mliquibase.util                          [0;39m [2m:[0;39m UPDATE SUMMARY
[2m2026-05-08T02:28:45.120+05:30[0;39m [32m INFO[0;39m [35m50233[0;39m [2m---[0;39m [2m[core-service] [           main][0;39m [2m[0;39m[36mliquibase.util                          [0;39m [2m:[0;39m Run:                         13
[2m2026-05-08T02:28:45.120+05:30[0;39m [32m INFO[0;39m [35m50233[0;39m [2m---[0;39m [2m[core-service] [           main][0;39m [2m[0;39m[36mliquibase.util                          [0;39m [2m:[0;39m Previously run:               0
[2m2026-05-08T02:28:45.120+05:30[0;39m [32m INFO[0;39m [35m50233[0;39m [2m---[0;39m [2m[core-service] [           main][0;39m [2m[0;39m[36mliquibase.util                          [0;39m [2m:[0;39m Filtered out:                 0
[2m2026-05-08T02:28:45.120+05:30[0;39m [32m INFO[0;39m [35m50233[0;39m [2m---[0;39m [2m[core-service] [           main][0;39m [2m[0;39m[36mliquibase.util                          [0;39m [2m:[0;39m -------------------------------
[2m2026-05-08T02:28:45.120+05:30[0;39m [32m INFO[0;39m [35m50233[0;39m [2m---[0;39m [2m[core-service] [           main][0;39m [2m[0;39m[36mliquibase.util                          [0;39m [2m:[0;39m Total change sets:           13
[2m2026-05-08T02:28:45.120+05:30[0;39m [32m INFO[0;39m [35m50233[0;39m [2m---[0;39m [2m[core-service] [           main][0;39m [2m[0;39m[36mliquibase.util                          [0;39m [2m:[0;39m Update summary generated
[2m2026-05-08T02:28:45.121+05:30[0;39m [32m INFO[0;39m [35m50233[0;39m [2m---[0;39m [2m[core-service] [           main][0;39m [2m[0;39m[36mliquibase.command                       [0;39m [2m:[0;39m Update command completed successfully.
Liquibase: Update has been successful. Rows affected: 20
[2m2026-05-08T02:28:45.123+05:30[0;39m [32m INFO[0;39m [35m50233[0;39m [2m---[0;39m [2m[core-service] [           main][0;39m [2m[0;39m[36mliquibase.lockservice                   [0;39m [2m:[0;39m Successfully released change log lock
[2m2026-05-08T02:28:45.124+05:30[0;39m [32m INFO[0;39m [35m50233[0;39m [2m---[0;39m [2m[core-service] [           main][0;39m [2m[0;39m[36mliquibase.command                       [0;39m [2m:[0;39m Command execution complete
[2m2026-05-08T02:28:45.203+05:30[0;39m [32m INFO[0;39m [35m50233[0;39m [2m---[0;39m [2m[core-service] [           main][0;39m [2m[0;39m[36mo.hibernate.jpa.internal.util.LogHelper [0;39m [2m:[0;39m HHH000204: Processing PersistenceUnitInfo [name: default]
[2m2026-05-08T02:28:45.250+05:30[0;39m [32m INFO[0;39m [35m50233[0;39m [2m---[0;39m [2m[core-service] [           main][0;39m [2m[0;39m[36morg.hibernate.Version                   [0;39m [2m:[0;39m HHH000412: Hibernate ORM core version 6.4.1.Final
[2m2026-05-08T02:28:45.273+05:30[0;39m [32m INFO[0;39m [35m50233[0;39m [2m---[0;39m [2m[core-service] [           main][0;39m [2m[0;39m[36mo.h.c.internal.RegionFactoryInitiator   [0;39m [2m:[0;39m HHH000026: Second-level cache disabled
[2m2026-05-08T02:28:45.445+05:30[0;39m [32m INFO[0;39m [35m50233[0;39m [2m---[0;39m [2m[core-service] [           main][0;39m [2m[0;39m[36mo.s.o.j.p.SpringPersistenceUnitInfo     [0;39m [2m:[0;39m No LoadTimeWeaver setup: ignoring JPA class transformer
[2m2026-05-08T02:28:45.480+05:30[0;39m [33m WARN[0;39m [35m50233[0;39m [2m---[0;39m [2m[core-service] [           main][0;39m [2m[0;39m[36morg.hibernate.orm.deprecation           [0;39m [2m:[0;39m HHH90000025: PostgreSQLDialect does not need to be specified explicitly using 'hibernate.dialect' (remove the property setting and it will be selected by default)
[2m2026-05-08T02:28:46.484+05:30[0;39m [32m INFO[0;39m [35m50233[0;39m [2m---[0;39m [2m[core-service] [           main][0;39m [2m[0;39m[36mo.h.e.t.j.p.i.JtaPlatformInitiator      [0;39m [2m:[0;39m HHH000489: No JTA platform available (set 'hibernate.transaction.jta.platform' to enable JTA platform integration)
[2m2026-05-08T02:28:46.546+05:30[0;39m [32m INFO[0;39m [35m50233[0;39m [2m---[0;39m [2m[core-service] [           main][0;39m [2m[0;39m[36mj.LocalContainerEntityManagerFactoryBean[0;39m [2m:[0;39m Initialized JPA EntityManagerFactory for persistence unit 'default'
[2m2026-05-08T02:28:46.858+05:30[0;39m [32m INFO[0;39m [35m50233[0;39m [2m---[0;39m [2m[core-service] [           main][0;39m [2m[0;39m[36mo.s.d.j.r.query.QueryEnhancerFactory    [0;39m [2m:[0;39m Hibernate is in classpath; If applicable, HQL parser will be used.
[2m2026-05-08T02:28:48.181+05:30[0;39m [33m WARN[0;39m [35m50233[0;39m [2m---[0;39m [2m[core-service] [           main][0;39m [2m[0;39m[36m.s.s.UserDetailsServiceAutoConfiguration[0;39m [2m:[0;39m 

Using generated security password: 239d0c42-70f8-4b88-8da1-74cbec3324a2

This generated password is for development use only. Your security configuration must be updated before running your application in production.

[2m2026-05-08T02:28:49.184+05:30[0;39m [32m INFO[0;39m [35m50233[0;39m [2m---[0;39m [2m[core-service] [           main][0;39m [2m[0;39m[36mo.s.b.a.e.web.EndpointLinksResolver     [0;39m [2m:[0;39m Exposing 2 endpoint(s) beneath base path '/actuator'
[2m2026-05-08T02:28:49.328+05:30[0;39m [32m INFO[0;39m [35m50233[0;39m [2m---[0;39m [2m[core-service] [           main][0;39m [2m[0;39m[36mo.s.s.web.DefaultSecurityFilterChain    [0;39m [2m:[0;39m Will secure any request with [org.springframework.security.web.session.DisableEncodeUrlFilter@de3b06a, org.springframework.security.web.context.request.async.WebAsyncManagerIntegrationFilter@10238795, org.springframework.security.web.context.SecurityContextHolderFilter@12643e97, org.springframework.security.web.header.HeaderWriterFilter@6689e1b3, org.springframework.web.filter.CorsFilter@2fdd5baa, org.springframework.security.web.authentication.logout.LogoutFilter@34a06e64, com.landgo.coreservice.security.JwtAuthenticationFilter@2c16677c, org.springframework.security.web.savedrequest.RequestCacheAwareFilter@18f80e28, org.springframework.security.web.servletapi.SecurityContextHolderAwareRequestFilter@5616950b, org.springframework.security.web.authentication.AnonymousAuthenticationFilter@30ad0a65, org.springframework.security.web.session.SessionManagementFilter@e083961, org.springframework.security.web.access.ExceptionTranslationFilter@1d7b62cd, org.springframework.security.web.access.intercept.AuthorizationFilter@27c5fba0]
[2m2026-05-08T02:28:49.883+05:30[0;39m [33m WARN[0;39m [35m50233[0;39m [2m---[0;39m [2m[core-service] [           main][0;39m [2m[0;39m[36mConfigServletWebServerApplicationContext[0;39m [2m:[0;39m Exception encountered during context initialization - cancelling refresh attempt: org.springframework.context.ApplicationContextException: Failed to start bean 'webServerStartStop'
[2m2026-05-08T02:28:49.889+05:30[0;39m [32m INFO[0;39m [35m50233[0;39m [2m---[0;39m [2m[core-service] [           main][0;39m [2m[0;39m[36mj.LocalContainerEntityManagerFactoryBean[0;39m [2m:[0;39m Closing JPA EntityManagerFactory for persistence unit 'default'
[2m2026-05-08T02:28:49.892+05:30[0;39m [32m INFO[0;39m [35m50233[0;39m [2m---[0;39m [2m[core-service] [           main][0;39m [2m[0;39m[36mcom.zaxxer.hikari.HikariDataSource      [0;39m [2m:[0;39m HikariPool-1 - Shutdown initiated...
[2m2026-05-08T02:28:49.895+05:30[0;39m [32m INFO[0;39m [35m50233[0;39m [2m---[0;39m [2m[core-service] [           main][0;39m [2m[0;39m[36mcom.zaxxer.hikari.HikariDataSource      [0;39m [2m:[0;39m HikariPool-1 - Shutdown completed.
[2m2026-05-08T02:28:49.916+05:30[0;39m [32m INFO[0;39m [35m50233[0;39m [2m---[0;39m [2m[core-service] [           main][0;39m [2m[0;39m[36m.s.b.a.l.ConditionEvaluationReportLogger[0;39m [2m:[0;39m 

Error starting ApplicationContext. To display the condition evaluation report re-run your application with 'debug' enabled.
[2m2026-05-08T02:28:49.927+05:30[0;39m [31mERROR[0;39m [35m50233[0;39m [2m---[0;39m [2m[core-service] [           main][0;39m [2m[0;39m[36mo.s.b.d.LoggingFailureAnalysisReporter  [0;39m [2m:[0;39m 

***************************
APPLICATION FAILED TO START
***************************

Description:

Web server failed to start. Port 8083 was already in use.

Action:

Identify and stop the process that's listening on port 8083 or configure this application to listen on another port.

